<?xml version="1.0" encoding="UTF-8"?>
<testsuite xmlns:xsi="http://www.w3.org/2001/XMLSchema-instance" xsi:noNamespaceSchemaLocation="https://maven.apache.org/surefire/maven-surefire-plugin/xsd/surefire-test-report.xsd" name="edu.sc.bse3211.meetingplanner.PersonTest" time="0" tests="1" errors="0" skipped="0" failures="0">
  <properties>
    <property name="java.specification.version" value="24"/>
    <property name="sun.jnu.encoding" value="UTF-8"/>
    <property name="java.class.path" value="/home/derrick-legacy/Desktop/Software Testing Assignment/meetingplanner/meetingplanner/target/test-classes:/home/derrick-legacy/Desktop/Software Testing Assignment/meetingplanner/meetingplanner/target/classes:/home/derrick-legacy/.m2/repository/junit/junit/4.11/junit-4.11.jar:/home/derrick-legacy/.m2/repository/org/hamcrest/hamcrest-core/1.3/hamcrest-core-1.3.jar:"/>
    <property name="java.vm.vendor" value="Oracle Corporation"/>
    <property name="sun.arch.data.model" value="64"/>
    <property name="java.vendor.url" value="https://java.oracle.com/"/>
    <property name="os.name" value="Linux"/>
    <property name="java.vm.specification.version" value="24"/>
    <property name="sun.java.launcher" value="SUN_STANDARD"/>
    <property name="user.country" value="US"/>
    <property name="sun.boot.library.path" value="/opt/jdk-24/lib"/>
    <property name="sun.java.command" value="/home/derrick-legacy/Desktop/Software Testing Assignment/meetingplanner/meetingplanner/target/surefire/surefirebooter8832106171715203526.jar /home/derrick-legacy/Desktop/Software Testing Assignment/meetingplanner/meetingplanner/target/surefire 2025-04-08T11-25-02_211-jvmRun1 surefire1070295677700168910tmp surefire_015945108726205806190tmp"/>
    <property name="jdk.debug" value="release"/>
    <property name="surefire.test.class.path" value="/home/derrick-legacy/Desktop/Software Testing Assignment/meetingplanner/meetingplanner/target/test-classes:/home/derrick-legacy/Desktop/Software Testing Assignment/meetingplanner/meetingplanner/target/classes:/home/derrick-legacy/.m2/repository/junit/junit/4.11/junit-4.11.jar:/home/derrick-legacy/.m2/repository/org/hamcrest/hamcrest-core/1.3/hamcrest-core-1.3.jar:"/>
    <property name="sun.cpu.endian" value="little"/>
    <property name="user.home" value="/home/derrick-legacy"/>
    <property name="user.language" value="en"/>
    <property name="java.specification.vendor" value="Oracle Corporation"/>
    <property name="java.version.date" value="2025-03-18"/>
    <property name="java.home" value="/opt/jdk-24"/>
    <property name="file.separator" value="/"/>
    <property name="basedir" value="/home/derrick-legacy/Desktop/Software Testing Assignment/meetingplanner/meetingplanner"/>
    <property name="java.vm.compressedOopsMode" value="Zero based"/>
    <property name="line.separator" value="&#10;"/>
    <property name="java.specification.name" value="Java Platform API Specification"/>
    <property name="java.vm.specification.vendor" value="Oracle Corporation"/>
    <property name="surefire.real.class.path" value="/home/derrick-legacy/Desktop/Software Testing Assignment/meetingplanner/meetingplanner/target/surefire/surefirebooter8832106171715203526.jar"/>
    <property name="sun.management.compiler" value="HotSpot 64-Bit Tiered Compilers"/>
    <property name="java.runtime.version" value="24+36-3646"/>
    <property name="user.name" value="derrick-legacy"/>
    <property name="stdout.encoding" value="UTF-8"/>
    <property name="path.separator" value=":"/>
    <property name="os.version" value="6.11.0-21-generic"/>
    <property name="java.runtime.name" value="Java(TM) SE Runtime Environment"/>
    <property name="file.encoding" value="UTF-8"/>
    <property name="java.vm.name" value="Java HotSpot(TM) 64-Bit Server VM"/>
    <property name="localRepository" value="/home/derrick-legacy/.m2/repository"/>
    <property name="java.vendor.url.bug" value="https://bugreport.java.com/bugreport/"/>
    <property name="java.io.tmpdir" value="/tmp"/>
    <property name="java.version" value="24"/>
    <property name="user.dir" value="/home/derrick-legacy/Desktop/Software Testing Assignment/meetingplanner/meetingplanner"/>
    <property name="os.arch" value="amd64"/>
    <property name="java.vm.specification.name" value="Java Virtual Machine Specification"/>
    <property name="native.encoding" value="UTF-8"/>
    <property name="java.library.path" value="/usr/java/packages/lib:/usr/lib64:/lib64:/lib:/usr/lib"/>
    <property name="java.vm.info" value="mixed mode, sharing"/>
    <property name="stderr.encoding" value="UTF-8"/>
    <property name="java.vendor" value="Oracle Corporation"/>
    <property name="java.vm.version" value="24+36-3646"/>
    <property name="sun.io.unicode.encoding" value="UnicodeLittle"/>
    <property name="java.class.version" value="68.0"/>
  </properties>
  <testcase name="testDefaultConstructor" classname="edu.sc.bse3211.meetingplanner.PersonTest" time="0"/>
</testsuite>