<?xml version="1.0" encoding="UTF-8"?>
<testsuite xmlns:xsi="http://www.w3.org/2001/XMLSchema-instance" xsi:noNamespaceSchemaLocation="https://maven.apache.org/surefire/maven-surefire-plugin/xsd/surefire-test-report.xsd" name="edu.sc.bse3211.meetingplanner.RoomTest" time="0.025" tests="22" errors="8" skipped="0" failures="0">
  <properties>
    <property name="java.specification.version" value="24"/>
    <property name="sun.cpu.isalist" value="amd64"/>
    <property name="sun.jnu.encoding" value="Cp1252"/>
    <property name="java.class.path" value="c:\Users\SHADIA\Desktop\YearThree SEM 2\Testing and verification\meetingplanner\meetingplanner\target\test-classes;c:\Users\SHADIA\Desktop\YearThree SEM 2\Testing and verification\meetingplanner\meetingplanner\target\classes;C:\Users\SHADIA\.m2\repository\junit\junit\4.11\junit-4.11.jar;C:\Users\SHADIA\.m2\repository\org\hamcrest\hamcrest-core\1.3\hamcrest-core-1.3.jar;"/>
    <property name="java.vm.vendor" value="Oracle Corporation"/>
    <property name="sun.arch.data.model" value="64"/>
    <property name="user.variant" value=""/>
    <property name="java.vendor.url" value="https://java.oracle.com/"/>
    <property name="user.timezone" value="Africa/Kampala"/>
    <property name="user.country.format" value="UG"/>
    <property name="os.name" value="Windows 11"/>
    <property name="java.vm.specification.version" value="24"/>
    <property name="sun.java.launcher" value="SUN_STANDARD"/>
    <property name="user.country" value="US"/>
    <property name="sun.boot.library.path" value="C:\Program Files\Java\jdk-24\bin"/>
    <property name="sun.java.command" value="C:\Users\SHADIA\AppData\Local\Temp\surefire7006376145797301306\surefirebooter12434151346628450277.jar C:\Users\SHADIA\AppData\Local\Temp\surefire7006376145797301306 2025-04-10T12-58-46_930-jvmRun1 surefire15628753604848463430tmp surefire_09872097202854107411tmp"/>
    <property name="jdk.debug" value="release"/>
    <property name="surefire.test.class.path" value="c:\Users\SHADIA\Desktop\YearThree SEM 2\Testing and verification\meetingplanner\meetingplanner\target\test-classes;c:\Users\SHADIA\Desktop\YearThree SEM 2\Testing and verification\meetingplanner\meetingplanner\target\classes;C:\Users\SHADIA\.m2\repository\junit\junit\4.11\junit-4.11.jar;C:\Users\SHADIA\.m2\repository\org\hamcrest\hamcrest-core\1.3\hamcrest-core-1.3.jar;"/>
    <property name="sun.cpu.endian" value="little"/>
    <property name="user.home" value="C:\Users\SHADIA"/>
    <property name="user.language" value="en"/>
    <property name="java.specification.vendor" value="Oracle Corporation"/>
    <property name="java.version.date" value="2025-03-18"/>
    <property name="java.home" value="C:\Program Files\Java\jdk-24"/>
    <property name="file.separator" value="\"/>
    <property name="basedir" value="c:\Users\SHADIA\Desktop\YearThree SEM 2\Testing and verification\meetingplanner\meetingplanner"/>
    <property name="java.vm.compressedOopsMode" value="32-bit"/>
    <property name="line.separator" value="&#10;"/>
    <property name="java.vm.specification.vendor" value="Oracle Corporation"/>
    <property name="java.specification.name" value="Java Platform API Specification"/>
    <property name="surefire.real.class.path" value="C:\Users\SHADIA\AppData\Local\Temp\surefire7006376145797301306\surefirebooter12434151346628450277.jar"/>
    <property name="user.script" value=""/>
    <property name="sun.management.compiler" value="HotSpot 64-Bit Tiered Compilers"/>
    <property name="java.runtime.version" value="24+36-3646"/>
    <property name="user.name" value="SHADIA"/>
    <property name="stdout.encoding" value="Cp1252"/>
    <property name="path.separator" value=";"/>
    <property name="os.version" value="10.0"/>
    <property name="java.runtime.name" value="Java(TM) SE Runtime Environment"/>
    <property name="file.encoding" value="UTF-8"/>
    <property name="java.vm.name" value="Java HotSpot(TM) 64-Bit Server VM"/>
    <property name="localRepository" value="C:\Users\SHADIA\.m2\repository"/>
    <property name="java.vendor.url.bug" value="https://bugreport.java.com/bugreport/"/>
    <property name="java.io.tmpdir" value="C:\Users\SHADIA\AppData\Local\Temp\"/>
    <property name="java.version" value="24"/>
    <property name="user.dir" value="c:\Users\SHADIA\Desktop\YearThree SEM 2\Testing and verification\meetingplanner\meetingplanner"/>
    <property name="os.arch" value="amd64"/>
    <property name="java.vm.specification.name" value="Java Virtual Machine Specification"/>
    <property name="sun.os.patch.level" value=""/>
    <property name="native.encoding" value="Cp1252"/>
    <property name="java.library.path" value="C:\Program Files\Java\jdk-24\bin;C:\WINDOWS\Sun\Java\bin;C:\WINDOWS\system32;C:\WINDOWS;C:\Program Files\Common Files\Oracle\Java\javapath;C:\WINDOWS\system32;C:\WINDOWS;C:\WINDOWS\System32\Wbem;C:\WINDOWS\System32\WindowsPowerShell\v1.0\;C:\WINDOWS\System32\OpenSSH\;C:\Program Files\Git\cmd;C:\xampp\php;C:\ProgramData\ComposerSetup\bin;C:\mingw64\bin;C:\Program Files\nodejs\;C:\Program Files\Docker\Docker\resources\bin;C:\Program Files\Apache\apache-maven-3.9.9\bin;C:\Users\SHADIA\AppData\Local\Programs\Python\Python312\Scripts\;C:\Users\SHADIA\AppData\Local\Programs\Python\Python312\;C:\Users\SHADIA\AppData\Local\Programs\Python\Launcher\;C:\Users\SHADIA\AppData\Local\Microsoft\WindowsApps;C:\Users\SHADIA\AppData\Local\Programs\Microsoft VS Code\bin;C:\Users\SHADIA\AppData\Roaming\Composer\vendor\bin;C:\Users\SHADIA\AppData\Local\Programs\Python\Python312;C:\Users\SHADIA\AppData\Roaming\npm;C:\Users\SHADIA\Documents\google-cloud-sdk\bin;."/>
    <property name="java.vm.info" value="mixed mode, sharing"/>
    <property name="stderr.encoding" value="Cp1252"/>
    <property name="java.vendor" value="Oracle Corporation"/>
    <property name="java.vm.version" value="24+36-3646"/>
    <property name="sun.io.unicode.encoding" value="UnicodeLittle"/>
    <property name="java.class.version" value="68.0"/>
  </properties>
  <testcase name="testRemoveNonExistentMeeting" classname="edu.sc.bse3211.meetingplanner.RoomTest" time="0">
    <error message="Index 0 out of bounds for length 0" type="java.lang.IndexOutOfBoundsException">java.lang.IndexOutOfBoundsException: Index 0 out of bounds for length 0
	at edu.sc.bse3211.meetingplanner.RoomTest.testRemoveNonExistentMeeting(RoomTest.java:148)
</error>
  </testcase>
  <testcase name="testLastDayOfMonthMeeting" classname="edu.sc.bse3211.meetingplanner.RoomTest" time="0.001"/>
  <testcase name="testInvalidMeetingParameters" classname="edu.sc.bse3211.meetingplanner.RoomTest" time="0"/>
  <testcase name="testMidnightMeeting" classname="edu.sc.bse3211.meetingplanner.RoomTest" time="0"/>
  <testcase name="testPrintAgendaMonth" classname="edu.sc.bse3211.meetingplanner.RoomTest" time="0">
    <error message="Cannot invoke &quot;edu.sc.bse3211.meetingplanner.Room.getID()&quot; because &quot;this.room&quot; is null" type="java.lang.NullPointerException">java.lang.NullPointerException: Cannot invoke "edu.sc.bse3211.meetingplanner.Room.getID()" because "this.room" is null
	at edu.sc.bse3211.meetingplanner.RoomTest.testPrintAgendaMonth(RoomTest.java:81)
</error>
  </testcase>
  <testcase name="testPrintAgendaDay" classname="edu.sc.bse3211.meetingplanner.RoomTest" time="0">
    <error message="Cannot invoke &quot;edu.sc.bse3211.meetingplanner.Room.getID()&quot; because &quot;this.room&quot; is null" type="java.lang.NullPointerException">java.lang.NullPointerException: Cannot invoke "edu.sc.bse3211.meetingplanner.Room.getID()" because "this.room" is null
	at edu.sc.bse3211.meetingplanner.RoomTest.testPrintAgendaDay(RoomTest.java:90)
</error>
  </testcase>
  <testcase name="testAddConflictingMeeting" classname="edu.sc.bse3211.meetingplanner.RoomTest" time="0">
    <error message="Unexpected exception, expected&lt;edu.sc.bse3211.meetingplanner.TimeConflictException&gt; but was&lt;java.lang.NullPointerException&gt;" type="java.lang.Exception"><![CDATA[java.lang.Exception: Unexpected exception, expected<edu.sc.bse3211.meetingplanner.TimeConflictException> but was<java.lang.NullPointerException>
	at edu.sc.bse3211.meetingplanner.RoomTest.testAddConflictingMeeting(RoomTest.java:45)
]]></error>
  </testcase>
  <testcase name="testPartialOverlapMeeting" classname="edu.sc.bse3211.meetingplanner.RoomTest" time="0">
    <error message="Unexpected exception, expected&lt;edu.sc.bse3211.meetingplanner.TimeConflictException&gt; but was&lt;java.lang.NullPointerException&gt;" type="java.lang.Exception"><![CDATA[java.lang.Exception: Unexpected exception, expected<edu.sc.bse3211.meetingplanner.TimeConflictException> but was<java.lang.NullPointerException>
	at edu.sc.bse3211.meetingplanner.RoomTest.testPartialOverlapMeeting(RoomTest.java:186)
]]></error>
  </testcase>
  <testcase name="testIsBusyWithMeeting" classname="edu.sc.bse3211.meetingplanner.RoomTest" time="0"/>
  <testcase name="testRemoveMeeting" classname="edu.sc.bse3211.meetingplanner.RoomTest" time="0"/>
  <testcase name="testConstructorWithID" classname="edu.sc.bse3211.meetingplanner.RoomTest" time="0"/>
  <testcase name="testGetNonExistentMeeting" classname="edu.sc.bse3211.meetingplanner.RoomTest" time="0">
    <error message="Index 0 out of bounds for length 0" type="java.lang.IndexOutOfBoundsException">java.lang.IndexOutOfBoundsException: Index 0 out of bounds for length 0
	at edu.sc.bse3211.meetingplanner.RoomTest.testGetNonExistentMeeting(RoomTest.java:154)
</error>
  </testcase>
  <testcase name="testEndOfDayMeeting" classname="edu.sc.bse3211.meetingplanner.RoomTest" time="0.002">
    <error message="Conflict for room TestRoom:&#10;Illegal hour." type="edu.sc.bse3211.meetingplanner.TimeConflictException">edu.sc.bse3211.meetingplanner.TimeConflictException: 
Conflict for room TestRoom:
Illegal hour.
	at edu.sc.bse3211.meetingplanner.RoomTest.testEndOfDayMeeting(RoomTest.java:124)
</error>
  </testcase>
  <testcase name="testSameDayDifferentMonths" classname="edu.sc.bse3211.meetingplanner.RoomTest" time="0.001"/>
  <testcase name="testIsBusyNoMeetings" classname="edu.sc.bse3211.meetingplanner.RoomTest" time="0.002"/>
  <testcase name="testGetMeeting" classname="edu.sc.bse3211.meetingplanner.RoomTest" time="0.002"/>
  <testcase name="testFirstDayOfMonthMeeting" classname="edu.sc.bse3211.meetingplanner.RoomTest" time="0.002"/>
  <testcase name="testMultipleMeetingsDifferentDays" classname="edu.sc.bse3211.meetingplanner.RoomTest" time="0.001"/>
  <testcase name="testExactSameTimeMeeting" classname="edu.sc.bse3211.meetingplanner.RoomTest" time="0.001">
    <error message="Unexpected exception, expected&lt;edu.sc.bse3211.meetingplanner.TimeConflictException&gt; but was&lt;java.lang.NullPointerException&gt;" type="java.lang.Exception"><![CDATA[java.lang.Exception: Unexpected exception, expected<edu.sc.bse3211.meetingplanner.TimeConflictException> but was<java.lang.NullPointerException>
	at edu.sc.bse3211.meetingplanner.RoomTest.testExactSameTimeMeeting(RoomTest.java:195)
]]></error>
  </testcase>
  <testcase name="testAddValidMeeting" classname="edu.sc.bse3211.meetingplanner.RoomTest" time="0.001"/>
  <testcase name="testDefaultConstructor" classname="edu.sc.bse3211.meetingplanner.RoomTest" time="0.001"/>
  <testcase name="testSameTimeDifferentDays" classname="edu.sc.bse3211.meetingplanner.RoomTest" time="0.002"/>
</testsuite>